[0m17:04:06.932407 [debug] [MainThread]: Sending event: {'category': 'dbt', 'action': 'invocation', 'label': 'start', 'context': [<snowplow_tracker.self_describing_json.SelfDescribingJson object at 0x7f99cdc89550>, <snowplow_tracker.self_describing_json.SelfDescribingJson object at 0x7f99cf840190>, <snowplow_tracker.self_describing_json.SelfDescribingJson object at 0x7f99cd51f250>]}


============================== 17:04:06.946067 | 7a5e7a2c-6624-4992-a207-30d65d21efb5 ==============================
[0m17:04:06.946067 [info ] [MainThread]: Running with dbt=1.11.8
[0m17:04:06.946657 [debug] [MainThread]: running dbt with arguments {'quiet': 'False', 'version_check': 'True', 'write_json': 'True', 'invocation_command': 'dbt init --skip-profile-setup airbnb', 'log_cache_events': 'False', 'introspect': 'True', 'use_colors': 'True', 'partial_parse': 'True', 'warn_error_options': 'WarnErrorOptionsV2(error=[], warn=[], silence=[])', 'indirect_selection': 'eager', 'printer_width': '80', 'log_path': 'logs', 'log_format': 'default', 'fail_fast': 'False', 'target_path': 'None', 'use_experimental_parser': 'False', 'debug': 'False', 'empty': 'None', 'static_parser': 'True', 'cache_selected_only': 'False', 'send_anonymous_usage_stats': 'True', 'no_print': 'None', 'profiles_dir': '/home/vscode/.dbt', 'warn_error': 'None'}
[0m17:04:07.191227 [info ] [MainThread]: Creating dbt configuration folder at /home/vscode/.dbt
[0m17:04:07.232102 [debug] [MainThread]: Starter project path: /workspaces/course/.venv/lib/python3.13/site-packages/dbt/include/starter_project
[0m17:04:07.498716 [info ] [MainThread]: 
Your new dbt project "airbnb" was created!

For more information on how to configure the profiles.yml file,
please consult the dbt documentation here:

  https://docs.getdbt.com/docs/configure-your-profile

One more thing:

Need help? Don't hesitate to reach out to us via GitHub issues or on Slack:

  https://community.getdbt.com/

Happy modeling!

[0m17:04:07.501511 [debug] [MainThread]: Resource report: {"command_name": "init", "command_success": true, "command_wall_clock_time": 0.6091669, "process_in_blocks": "10176", "process_kernel_time": 0.614046, "process_mem_max_rss": "101528", "process_out_blocks": "0", "process_user_time": 1.24054}
[0m17:04:07.502102 [debug] [MainThread]: Command `dbt init` succeeded at 17:04:07.502005 after 0.61 seconds
[0m17:04:07.502511 [debug] [MainThread]: Sending event: {'category': 'dbt', 'action': 'invocation', 'label': 'end', 'context': [<snowplow_tracker.self_describing_json.SelfDescribingJson object at 0x7f99ccce16e0>, <snowplow_tracker.self_describing_json.SelfDescribingJson object at 0x7f99ccd4fad0>, <snowplow_tracker.self_describing_json.SelfDescribingJson object at 0x7f99cce49040>]}
[0m17:04:07.502904 [debug] [MainThread]: Flushing usage events
[0m17:04:07.905810 [debug] [MainThread]: An error was encountered while trying to flush usage events
{"data":{"log_version":3,"version":"=2.0.0-preview.171"},"info":{"category":"","code":"A001","extra":{},"invocation_id":"019d8dc0-dcb0-79b2-8569-90407816bd94","level":"info","msg":"Running with dbt-fusion=2.0.0-preview.171","name":"MainReportVersion","pid":48217,"thread":"tokio-rt-worker","ts":"2026-04-14T20:48:40.134328Z"}}
{"data":{"args":{"debug":"false","invocation_command":"/home/vscode/.local/bin/dbt license info --json --log-format json","log_format":"json","quiet":"false","write_json":"true"}},"info":{"category":"","code":"A002","extra":{},"invocation_id":"019d8dc0-dcb0-79b2-8569-90407816bd94","level":"debug","msg":"running dbt-fusion with argumets {\"command\":\"license\",\"vars\":\"{}\",\"limit\":\"10\",\"debug\":false,\"log_format\":\"json\",\"quiet\":false,\"write_json\":true,\"write_catalog\":false}","name":"MainReportArgs","pid":48217,"thread":"tokio-rt-worker","ts":"2026-04-14T20:48:40.134348Z"}}
{"data":{},"info":{"category":"","code":"","extra":{},"invocation_id":"019d8dc0-dcb0-79b2-8569-90407816bd94","level":"debug","msg":"No active cloud project configured, skipping remote license","name":"Generic","pid":48217,"thread":"tokio-rt-worker","ts":"2026-04-14T20:48:40.138289Z"}}
{"data":{"columns":[],"is_inline":true,"node_name":"license_info","output_format":"json","preview":"{\n  \"status\": \"not_found\",\n  \"licensing_enabled\": true\n}","unique_id":"license.info"},"info":{"category":"","code":"Q041","extra":{},"invocation_id":"019d8dc0-dcb0-79b2-8569-90407816bd94","level":"info","msg":"{\n  \"status\": \"not_found\",\n  \"licensing_enabled\": true\n}","name":"ShowNode","pid":48217,"thread":"tokio-rt-worker","ts":"2026-04-14T20:48:40.139256Z"}}
{"data":{"completed_at":"2026-04-14T20:48:40.546393Z","elapsed":0.4133386015892029,"success":true},"info":{"category":"","code":"Q039","extra":{},"invocation_id":"019d8dc0-dcb0-79b2-8569-90407816bd94","level":"info","msg":"\n==================== Execution Summary =====================\nFinished 'license' successfully [413ms]","name":"CommandCompleted","pid":48217,"thread":"tokio-rt-worker","ts":"2026-04-14T20:48:40.547279Z"}}
{"data":{"log_version":3,"version":"=2.0.0-preview.171"},"info":{"category":"","code":"A001","extra":{},"invocation_id":"019dcfdd-88a6-77e0-9a32-5c8d58823f0b","level":"info","msg":"Running with dbt-fusion=2.0.0-preview.171","name":"MainReportVersion","pid":1163,"thread":"tokio-rt-worker","ts":"2026-04-27T16:54:55.461760Z"}}
{"data":{"args":{"debug":"false","invocation_command":"/home/vscode/.local/bin/dbt license info --json --log-format json","log_format":"json","quiet":"false","write_json":"true"}},"info":{"category":"","code":"A002","extra":{},"invocation_id":"019dcfdd-88a6-77e0-9a32-5c8d58823f0b","level":"debug","msg":"running dbt-fusion with argumets {\"command\":\"license\",\"vars\":\"{}\",\"limit\":\"10\",\"debug\":false,\"log_format\":\"json\",\"quiet\":false,\"write_json\":true,\"write_catalog\":false}","name":"MainReportArgs","pid":1163,"thread":"tokio-rt-worker","ts":"2026-04-27T16:54:55.461787Z"}}
{"data":{},"info":{"category":"","code":"","extra":{},"invocation_id":"019dcfdd-88a6-77e0-9a32-5c8d58823f0b","level":"debug","msg":"No active cloud project configured, skipping remote license","name":"Generic","pid":1163,"thread":"tokio-rt-worker","ts":"2026-04-27T16:54:55.469181Z"}}
{"data":{"columns":[],"is_inline":true,"node_name":"license_info","output_format":"json","preview":"{\n  \"status\": \"not_found\",\n  \"licensing_enabled\": true\n}","unique_id":"license.info"},"info":{"category":"","code":"Q041","extra":{},"invocation_id":"019dcfdd-88a6-77e0-9a32-5c8d58823f0b","level":"info","msg":"{\n  \"status\": \"not_found\",\n  \"licensing_enabled\": true\n}","name":"ShowNode","pid":1163,"thread":"tokio-rt-worker","ts":"2026-04-27T16:54:55.469873Z"}}
{"data":{"completed_at":"2026-04-27T16:54:57.124935Z","elapsed":1.6664981842041016,"success":true},"info":{"category":"","code":"Q039","extra":{},"invocation_id":"019dcfdd-88a6-77e0-9a32-5c8d58823f0b","level":"info","msg":"\n==================== Execution Summary =====================\nFinished 'license' successfully [1.7s]","name":"CommandCompleted","pid":1163,"thread":"tokio-rt-worker","ts":"2026-04-27T16:54:57.126339Z"}}
